<?xml version="1.0" encoding="UTF-8"?>
<testng-results skipped="0" failed="0" ignored="0" total="2" passed="2">
  <reporter-output>
  </reporter-output>
  <suite name="Suite" duration-ms="11962" started-at="2017-11-26T15:48:22Z" finished-at="2017-11-26T15:48:34Z">
    <groups>
    </groups>
    <test name="Test" duration-ms="11962" started-at="2017-11-26T15:48:22Z" finished-at="2017-11-26T15:48:34Z">
      <class name="extent.ExtentDemo">
        <test-method status="PASS" signature="beforeSuite()[pri:0, instance:extent.ExtentDemo@1324409e]" name="beforeSuite" is-config="true" duration-ms="139" started-at="2017-11-26T21:18:22Z" finished-at="2017-11-26T21:18:22Z">
          <reporter-output>
          </reporter-output>
        </test-method> <!-- beforeSuite -->
        <test-method status="PASS" signature="beforeMethod(java.lang.reflect.Method)[pri:0, instance:extent.ExtentDemo@1324409e]" name="beforeMethod" is-config="true" duration-ms="3386" started-at="2017-11-26T21:18:22Z" finished-at="2017-11-26T21:18:25Z">
          <params>
            <param index="0">
              <value>
                <![CDATA[public void extent.ExtentDemo.TestCase1()]]>
              </value>
            </param>
          </params>
          <reporter-output>
          </reporter-output>
        </test-method> <!-- beforeMethod -->
        <test-method status="PASS" signature="TestCase1()[pri:0, instance:extent.ExtentDemo@1324409e]" name="TestCase1" duration-ms="4836" started-at="2017-11-26T21:18:25Z" finished-at="2017-11-26T21:18:30Z">
          <reporter-output>
          </reporter-output>
        </test-method> <!-- TestCase1 -->
        <test-method status="PASS" signature="afterMethod()[pri:0, instance:extent.ExtentDemo@1324409e]" name="afterMethod" is-config="true" duration-ms="497" started-at="2017-11-26T21:18:30Z" finished-at="2017-11-26T21:18:31Z">
          <reporter-output>
          </reporter-output>
        </test-method> <!-- afterMethod -->
        <test-method status="PASS" signature="beforeMethod(java.lang.reflect.Method)[pri:0, instance:extent.ExtentDemo@1324409e]" name="beforeMethod" is-config="true" duration-ms="2847" started-at="2017-11-26T21:18:31Z" finished-at="2017-11-26T21:18:34Z">
          <params>
            <param index="0">
              <value>
                <![CDATA[public void extent.ExtentDemo.TestCase2()]]>
              </value>
            </param>
          </params>
          <reporter-output>
          </reporter-output>
        </test-method> <!-- beforeMethod -->
        <test-method status="PASS" signature="TestCase2()[pri:0, instance:extent.ExtentDemo@1324409e]" name="TestCase2" duration-ms="0" started-at="2017-11-26T21:18:34Z" finished-at="2017-11-26T21:18:34Z">
          <reporter-output>
          </reporter-output>
        </test-method> <!-- TestCase2 -->
        <test-method status="PASS" signature="afterMethod()[pri:0, instance:extent.ExtentDemo@1324409e]" name="afterMethod" is-config="true" duration-ms="383" started-at="2017-11-26T21:18:34Z" finished-at="2017-11-26T21:18:34Z">
          <reporter-output>
          </reporter-output>
        </test-method> <!-- afterMethod -->
        <test-method status="PASS" signature="afterSuite()[pri:0, instance:extent.ExtentDemo@1324409e]" name="afterSuite" is-config="true" duration-ms="327" started-at="2017-11-26T21:18:34Z" finished-at="2017-11-26T21:18:34Z">
          <reporter-output>
          </reporter-output>
        </test-method> <!-- afterSuite -->
      </class> <!-- extent.ExtentDemo -->
    </test> <!-- Test -->
  </suite> <!-- Suite -->
</testng-results>
